<?xml version="1.0" encoding="UTF-8"?>
<testsuite xmlns:xsi="http://www.w3.org/2001/XMLSchema-instance" xsi:noNamespaceSchemaLocation="https://maven.apache.org/surefire/maven-surefire-plugin/xsd/surefire-test-report.xsd" name="com.example.AppTest" time="0.071" tests="1" errors="0" skipped="0" failures="0">
  <properties>
    <property name="java.specification.version" value="19"/>
    <property name="sun.cpu.isalist" value="amd64"/>
    <property name="sun.jnu.encoding" value="Cp1252"/>
    <property name="java.class.path" value="C:\Cursos\REM20230628\demo\target\test-classes;C:\Cursos\REM20230628\demo\target\classes;C:\Archivos\apache-maven-3.8.6\.m2\io\agroal\agroal-pool\1.3\agroal-pool-1.3.jar;C:\Archivos\apache-maven-3.8.6\.m2\org\jboss\logging\jboss-logging\3.3.2.Final\jboss-logging-3.3.2.Final.jar;C:\Archivos\apache-maven-3.8.6\.m2\org\hibernate\hibernate-core\5.4.1.Final\hibernate-core-5.4.1.Final.jar;C:\Archivos\apache-maven-3.8.6\.m2\javax\persistence\javax.persistence-api\2.2\javax.persistence-api-2.2.jar;C:\Archivos\apache-maven-3.8.6\.m2\org\javassist\javassist\3.24.0-GA\javassist-3.24.0-GA.jar;C:\Archivos\apache-maven-3.8.6\.m2\net\bytebuddy\byte-buddy\1.9.5\byte-buddy-1.9.5.jar;C:\Archivos\apache-maven-3.8.6\.m2\antlr\antlr\2.7.7\antlr-2.7.7.jar;C:\Archivos\apache-maven-3.8.6\.m2\org\jboss\spec\javax\transaction\jboss-transaction-api_1.2_spec\1.1.1.Final\jboss-transaction-api_1.2_spec-1.1.1.Final.jar;C:\Archivos\apache-maven-3.8.6\.m2\org\jboss\jandex\2.0.5.Final\jandex-2.0.5.Final.jar;C:\Archivos\apache-maven-3.8.6\.m2\com\fasterxml\classmate\1.3.4\classmate-1.3.4.jar;C:\Archivos\apache-maven-3.8.6\.m2\javax\activation\javax.activation-api\1.2.0\javax.activation-api-1.2.0.jar;C:\Archivos\apache-maven-3.8.6\.m2\org\dom4j\dom4j\2.1.1\dom4j-2.1.1.jar;C:\Archivos\apache-maven-3.8.6\.m2\org\hibernate\common\hibernate-commons-annotations\5.1.0.Final\hibernate-commons-annotations-5.1.0.Final.jar;C:\Archivos\apache-maven-3.8.6\.m2\javax\xml\bind\jaxb-api\2.3.1\jaxb-api-2.3.1.jar;C:\Archivos\apache-maven-3.8.6\.m2\org\glassfish\jaxb\jaxb-runtime\2.3.1\jaxb-runtime-2.3.1.jar;C:\Archivos\apache-maven-3.8.6\.m2\org\glassfish\jaxb\txw2\2.3.1\txw2-2.3.1.jar;C:\Archivos\apache-maven-3.8.6\.m2\com\sun\istack\istack-commons-runtime\3.0.7\istack-commons-runtime-3.0.7.jar;C:\Archivos\apache-maven-3.8.6\.m2\org\jvnet\staxex\stax-ex\1.8\stax-ex-1.8.jar;C:\Archivos\apache-maven-3.8.6\.m2\com\sun\xml\fastinfoset\FastInfoset\1.2.15\FastInfoset-1.2.15.jar;C:\Archivos\apache-maven-3.8.6\.m2\io\agroal\agroal-api\1.3\agroal-api-1.3.jar;C:\Archivos\apache-maven-3.8.6\.m2\org\junit\jupiter\junit-jupiter\5.9.3\junit-jupiter-5.9.3.jar;C:\Archivos\apache-maven-3.8.6\.m2\org\junit\jupiter\junit-jupiter-api\5.9.3\junit-jupiter-api-5.9.3.jar;C:\Archivos\apache-maven-3.8.6\.m2\org\opentest4j\opentest4j\1.2.0\opentest4j-1.2.0.jar;C:\Archivos\apache-maven-3.8.6\.m2\org\junit\platform\junit-platform-commons\1.9.3\junit-platform-commons-1.9.3.jar;C:\Archivos\apache-maven-3.8.6\.m2\org\apiguardian\apiguardian-api\1.1.2\apiguardian-api-1.1.2.jar;C:\Archivos\apache-maven-3.8.6\.m2\org\junit\jupiter\junit-jupiter-params\5.9.3\junit-jupiter-params-5.9.3.jar;C:\Archivos\apache-maven-3.8.6\.m2\org\junit\jupiter\junit-jupiter-engine\5.9.3\junit-jupiter-engine-5.9.3.jar;C:\Archivos\apache-maven-3.8.6\.m2\org\junit\platform\junit-platform-engine\1.9.3\junit-platform-engine-1.9.3.jar;"/>
    <property name="java.vm.vendor" value="GraalVM Community"/>
    <property name="sun.arch.data.model" value="64"/>
    <property name="user.variant" value=""/>
    <property name="java.vendor.url" value="https://www.graalvm.org/"/>
    <property name="user.timezone" value="Europe/Madrid"/>
    <property name="os.name" value="Windows 11"/>
    <property name="java.vm.specification.version" value="19"/>
    <property name="sun.java.launcher" value="SUN_STANDARD"/>
    <property name="user.country" value="ES"/>
    <property name="sun.boot.library.path" value="C:\Program Files\Java\graalvm-ce-java19-22.3.0\bin"/>
    <property name="sun.java.command" value="C:\temp\surefire9950405039670176530\surefirebooter12250203640258607504.jar C:\temp\surefire9950405039670176530 2023-07-07T14-29-27_708-jvmRun1 surefire4606016310693732495tmp surefire_03370713465541605610tmp"/>
    <property name="jdk.debug" value="release"/>
    <property name="surefire.test.class.path" value="C:\Cursos\REM20230628\demo\target\test-classes;C:\Cursos\REM20230628\demo\target\classes;C:\Archivos\apache-maven-3.8.6\.m2\io\agroal\agroal-pool\1.3\agroal-pool-1.3.jar;C:\Archivos\apache-maven-3.8.6\.m2\org\jboss\logging\jboss-logging\3.3.2.Final\jboss-logging-3.3.2.Final.jar;C:\Archivos\apache-maven-3.8.6\.m2\org\hibernate\hibernate-core\5.4.1.Final\hibernate-core-5.4.1.Final.jar;C:\Archivos\apache-maven-3.8.6\.m2\javax\persistence\javax.persistence-api\2.2\javax.persistence-api-2.2.jar;C:\Archivos\apache-maven-3.8.6\.m2\org\javassist\javassist\3.24.0-GA\javassist-3.24.0-GA.jar;C:\Archivos\apache-maven-3.8.6\.m2\net\bytebuddy\byte-buddy\1.9.5\byte-buddy-1.9.5.jar;C:\Archivos\apache-maven-3.8.6\.m2\antlr\antlr\2.7.7\antlr-2.7.7.jar;C:\Archivos\apache-maven-3.8.6\.m2\org\jboss\spec\javax\transaction\jboss-transaction-api_1.2_spec\1.1.1.Final\jboss-transaction-api_1.2_spec-1.1.1.Final.jar;C:\Archivos\apache-maven-3.8.6\.m2\org\jboss\jandex\2.0.5.Final\jandex-2.0.5.Final.jar;C:\Archivos\apache-maven-3.8.6\.m2\com\fasterxml\classmate\1.3.4\classmate-1.3.4.jar;C:\Archivos\apache-maven-3.8.6\.m2\javax\activation\javax.activation-api\1.2.0\javax.activation-api-1.2.0.jar;C:\Archivos\apache-maven-3.8.6\.m2\org\dom4j\dom4j\2.1.1\dom4j-2.1.1.jar;C:\Archivos\apache-maven-3.8.6\.m2\org\hibernate\common\hibernate-commons-annotations\5.1.0.Final\hibernate-commons-annotations-5.1.0.Final.jar;C:\Archivos\apache-maven-3.8.6\.m2\javax\xml\bind\jaxb-api\2.3.1\jaxb-api-2.3.1.jar;C:\Archivos\apache-maven-3.8.6\.m2\org\glassfish\jaxb\jaxb-runtime\2.3.1\jaxb-runtime-2.3.1.jar;C:\Archivos\apache-maven-3.8.6\.m2\org\glassfish\jaxb\txw2\2.3.1\txw2-2.3.1.jar;C:\Archivos\apache-maven-3.8.6\.m2\com\sun\istack\istack-commons-runtime\3.0.7\istack-commons-runtime-3.0.7.jar;C:\Archivos\apache-maven-3.8.6\.m2\org\jvnet\staxex\stax-ex\1.8\stax-ex-1.8.jar;C:\Archivos\apache-maven-3.8.6\.m2\com\sun\xml\fastinfoset\FastInfoset\1.2.15\FastInfoset-1.2.15.jar;C:\Archivos\apache-maven-3.8.6\.m2\io\agroal\agroal-api\1.3\agroal-api-1.3.jar;C:\Archivos\apache-maven-3.8.6\.m2\org\junit\jupiter\junit-jupiter\5.9.3\junit-jupiter-5.9.3.jar;C:\Archivos\apache-maven-3.8.6\.m2\org\junit\jupiter\junit-jupiter-api\5.9.3\junit-jupiter-api-5.9.3.jar;C:\Archivos\apache-maven-3.8.6\.m2\org\opentest4j\opentest4j\1.2.0\opentest4j-1.2.0.jar;C:\Archivos\apache-maven-3.8.6\.m2\org\junit\platform\junit-platform-commons\1.9.3\junit-platform-commons-1.9.3.jar;C:\Archivos\apache-maven-3.8.6\.m2\org\apiguardian\apiguardian-api\1.1.2\apiguardian-api-1.1.2.jar;C:\Archivos\apache-maven-3.8.6\.m2\org\junit\jupiter\junit-jupiter-params\5.9.3\junit-jupiter-params-5.9.3.jar;C:\Archivos\apache-maven-3.8.6\.m2\org\junit\jupiter\junit-jupiter-engine\5.9.3\junit-jupiter-engine-5.9.3.jar;C:\Archivos\apache-maven-3.8.6\.m2\org\junit\platform\junit-platform-engine\1.9.3\junit-platform-engine-1.9.3.jar;"/>
    <property name="sun.cpu.endian" value="little"/>
    <property name="user.home" value="C:\Users\javie"/>
    <property name="user.language" value="es"/>
    <property name="java.specification.vendor" value="Oracle Corporation"/>
    <property name="java.version.date" value="2022-10-18"/>
    <property name="java.home" value="C:\Program Files\Java\graalvm-ce-java19-22.3.0"/>
    <property name="file.separator" value="\"/>
    <property name="basedir" value="C:\Cursos\REM20230628\demo"/>
    <property name="java.vm.compressedOopsMode" value="Zero based"/>
    <property name="jdk.internal.vm.ci.enabled" value="true"/>
    <property name="line.separator" value="&#10;"/>
    <property name="java.vm.specification.vendor" value="Oracle Corporation"/>
    <property name="java.specification.name" value="Java Platform API Specification"/>
    <property name="surefire.real.class.path" value="C:\temp\surefire9950405039670176530\surefirebooter12250203640258607504.jar"/>
    <property name="user.script" value=""/>
    <property name="sun.management.compiler" value="HotSpot 64-Bit Tiered Compilers"/>
    <property name="java.runtime.version" value="19.0.1+10-jvmci-22.3-b08"/>
    <property name="user.name" value="Javier"/>
    <property name="stdout.encoding" value="Cp1252"/>
    <property name="path.separator" value=";"/>
    <property name="os.version" value="10.0"/>
    <property name="java.runtime.name" value="OpenJDK Runtime Environment"/>
    <property name="file.encoding" value="UTF-8"/>
    <property name="java.vm.name" value="OpenJDK 64-Bit Server VM"/>
    <property name="java.vendor.version" value="GraalVM CE 22.3.0"/>
    <property name="localRepository" value="C:\Archivos\apache-maven-3.8.6\.m2"/>
    <property name="java.vendor.url.bug" value="https://github.com/oracle/graal/issues"/>
    <property name="java.io.tmpdir" value="C:\temp\"/>
    <property name="java.version" value="19.0.1"/>
    <property name="user.dir" value="C:\Cursos\REM20230628\demo"/>
    <property name="os.arch" value="amd64"/>
    <property name="java.vm.specification.name" value="Java Virtual Machine Specification"/>
    <property name="sun.os.patch.level" value=""/>
    <property name="native.encoding" value="Cp1252"/>
    <property name="java.library.path" value="C:\Program Files\Java\graalvm-ce-java19-22.3.0\bin;C:\WINDOWS\Sun\Java\bin;C:\WINDOWS\system32;C:\WINDOWS;C:\Program Files\Python310\Scripts\;C:\Program Files\Python310\;C:\Program Files (x86)\Microsoft SDKs\Azure\CLI2\wbin;C:\Archivos\Selenium\WebDriver;C:\Program Files\Java\graalvm-ce-java19-22.3.0\bin;C:\Program Files\Java\jdk-19\bin;c:\Program Files\Java\jdk-17.0.1\bin;C:\Program Files\Common Files\Oracle\Java\javapath;C:\Program Files (x86)\Common Files\Oracle\Java\javapath;c:\Program Files\Python38\Scripts\;c:\Program Files\Python38\;D:\Oracle\oraclexe\app\oracle\product\11.2.0\server\bin;C:\Program Files (x86)\NVIDIA Corporation\PhysX\Common;C:\WINDOWS;C:\WINDOWS\system32;C:\WINDOWS\System32\Wbem;C:\WINDOWS\System32\WindowsPowerShell\v1.0\;C:\WINDOWS\System32\OpenSSH\;C:\WINDOWS\system32\config\systemprofile\.dnx\bin;C:\Program Files\dotnet\;C:\Program Files\Microsoft SQL Server\150\Tools\Binn\;C:\Program Files\Microsoft SQL Server\140\Tools\Binn\;C:\Program Files\Microsoft SQL Server\130\Tools\Binn\;C:\Program Files\Microsoft SQL Server\Client SDK\ODBC\130\Tools\Binn\;C:\Program Files (x86)\Microsoft SQL Server\140\Tools\Binn\;C:\Program Files\Microsoft SQL Server\140\DTS\Binn\;C:\Program Files\Microsoft DNX\Dnvm\;C:\Program Files\Microsoft VS Code\bin;C:\ProgramData\chocolatey\bin;C:\Archivos\apache-maven-3.8.6\bin;C:\Program Files (x86)\Microsoft SQL Server\150\DTS\Binn\;C:\Program Files (x86)\Microsoft SQL Server\140\DTS\Binn\;C:\Program Files (x86)\Microsoft SQL Server\130\DTS\Binn\;C:\Program Files (x86)\Microsoft SQL Server\120\DTS\Binn\;C:\Program Files (x86)\Microsoft SQL Server\110\DTS\Binn\;C:\Program Files\Microsoft SQL Server\Client SDK\ODBC\170\Tools\Binn\;C:\Users\javie\AppData\Roaming\nvm;C:\Program Files\nodejs;C:\Program Files (x86)\Intel\Intel(R) Management Engine Components\DAL;C:\Program Files\Intel\Intel(R) Management Engine Components\DAL;C:\Program Files\NVIDIA Corporation\NVIDIA NvDLISR;D:\Android\Android\Sdk\emulator;D:\Android\Android\Sdk\platform-tools;C:\WINDOWS\system32;C:\WINDOWS;C:\WINDOWS\System32\Wbem;C:\WINDOWS\System32\WindowsPowerShell\v1.0\;C:\WINDOWS\System32\OpenSSH\;C:\Program Files\Git\cmd;C:\Program Files (x86)\Microsoft SQL Server\160\DTS\Binn\;C:\Program Files\Azure Data Studio\bin;C:\Program Files\Docker\Docker\resources\bin;C:\Users\javie\AppData\Local\Microsoft\WindowsApps;C:\Users\javie\AppData\Roaming\npm;C:\Users\javie\.dotnet\tools;C:\Users\javie\.dotnet\tools;C:\Users\javie\AppData\Local\Microsoft\WindowsApps;C:\Archivos\sonarqube\scanner\bin;D:\Program Files (x86)\SysinternalsSuite;;."/>
    <property name="java.vm.info" value="mixed mode, sharing"/>
    <property name="stderr.encoding" value="Cp1252"/>
    <property name="java.vendor" value="GraalVM Community"/>
    <property name="java.vm.version" value="19.0.1+10-jvmci-22.3-b08"/>
    <property name="sun.io.unicode.encoding" value="UnicodeLittle"/>
    <property name="java.class.version" value="63.0"/>
  </properties>
  <testcase name="shouldAnswerWithTrue" classname="com.example.AppTest" time="0.062"/>
</testsuite>